  camera.cpp
C:\Research Data\Webpage\CourseData\CG2023\CG2023_HW3\Library\OpenCV\include\opencv2\calib3d.hpp(1,1): warning C4819: 檔案含有無法在目前字碼頁 (950) 中表示的字元。請以 Unicode 格式儲存檔案以防止資料遺失
  (編譯來源檔案 'camera.cpp')
  
  CG2023_HW3.cpp
C:\Research Data\Webpage\CourseData\CG2023\CG2023_HW3\Library\OpenCV\include\opencv2\calib3d.hpp(1,1): warning C4819: 檔案含有無法在目前字碼頁 (950) 中表示的字元。請以 Unicode 格式儲存檔案以防止資料遺失
  (編譯來源檔案 'CG2023_HW3.cpp')
  
  imagetexture.cpp
C:\Research Data\Webpage\CourseData\CG2023\CG2023_HW3\Library\OpenCV\include\opencv2\calib3d.hpp(1,1): warning C4819: 檔案含有無法在目前字碼頁 (950) 中表示的字元。請以 Unicode 格式儲存檔案以防止資料遺失
  (編譯來源檔案 'imagetexture.cpp')
  
  shaderprog.cpp
C:\Research Data\Webpage\CourseData\CG2023\CG2023_HW3\Library\OpenCV\include\opencv2\calib3d.hpp(1,1): warning C4819: 檔案含有無法在目前字碼頁 (950) 中表示的字元。請以 Unicode 格式儲存檔案以防止資料遺失
  (編譯來源檔案 'shaderprog.cpp')
  
  skybox.cpp
C:\Research Data\Webpage\CourseData\CG2023\CG2023_HW3\Library\OpenCV\include\opencv2\calib3d.hpp(1,1): warning C4819: 檔案含有無法在目前字碼頁 (950) 中表示的字元。請以 Unicode 格式儲存檔案以防止資料遺失
  (編譯來源檔案 'skybox.cpp')
  
  trianglemesh.cpp
C:\Research Data\Webpage\CourseData\CG2023\CG2023_HW3\Library\OpenCV\include\opencv2\calib3d.hpp(1,1): warning C4819: 檔案含有無法在目前字碼頁 (950) 中表示的字元。請以 Unicode 格式儲存檔案以防止資料遺失
  (編譯來源檔案 'trianglemesh.cpp')
  
  正在產生程式碼
  Previous IPDB not found, fall back to full compilation.
  All 459 functions were compiled because no usable IPDB/IOBJ from previous compilation was found.
  已完成程式碼產生
  CG2023_HW3.vcxproj -> C:\Research Data\Webpage\CourseData\CG2023\CG2023_HW3\x64\Release\CG2023_HW3.exe
